<?xml version="1.0" encoding="UTF-8"?>
<testng-results ignored="0" total="1" passed="1" failed="0" skipped="0">
  <reporter-output>
  </reporter-output>
  <suite started-at="2026-02-08T16:35:14 GMT" name="OrangeHRMDemo" finished-at="2026-02-08T16:35:25 GMT" duration-ms="11189">
    <groups>
    </groups>
    <test started-at="2026-02-08T16:35:14 GMT" name="OrangeHRM" finished-at="2026-02-08T16:35:25 GMT" duration-ms="11189">
      <class name="testcase.Logout">
        <test-method is-config="true" signature="setUp()[pri:0, instance:testcase.Logout@367ffa75]" started-at="2026-02-08T16:35:14 GMT" name="setUp" finished-at="2026-02-08T16:35:18 GMT" duration-ms="3984" status="PASS">
          <reporter-output>
          </reporter-output>
        </test-method> <!-- setUp -->
        <test-method signature="logoutTest()[pri:0, instance:testcase.Logout@367ffa75]" started-at="2026-02-08T16:35:18 GMT" name="logoutTest" finished-at="2026-02-08T16:35:25 GMT" duration-ms="7069" status="PASS">
          <reporter-output>
          </reporter-output>
        </test-method> <!-- logoutTest -->
        <test-method is-config="true" signature="tearDown()[pri:0, instance:testcase.Logout@367ffa75]" started-at="2026-02-08T16:35:25 GMT" name="tearDown" finished-at="2026-02-08T16:35:25 GMT" duration-ms="107" status="PASS">
          <reporter-output>
          </reporter-output>
        </test-method> <!-- tearDown -->
      </class> <!-- testcase.Logout -->
    </test> <!-- OrangeHRM -->
  </suite> <!-- OrangeHRMDemo -->
</testng-results>
